<?xml version="1.0" encoding="UTF-8"?>
<!-- Generated by org.testng.reporters.JUnitReportReporter -->
<testsuite hostname="d-pc" failures="0" tests="1" name="RegisterTest" time="7.571" errors="0" timestamp="2022-09-05T20:41:51 CEST" skipped="0">
  <testcase classname="RegisterTest" name="register" time="7.571"/>
  <system-out/>
</testsuite> <!-- RegisterTest -->
