<?xml version="1.0" encoding="UTF-8"?>
<!-- Generated by org.testng.reporters.JUnitReportReporter -->
<testsuite hostname="d-pc" failures="0" tests="1" name="AddToCartTest" time="9.406" errors="0" timestamp="2022-09-05T20:41:51 CEST" skipped="0">
  <testcase classname="AddToCartTest" name="addToCart" time="9.406"/>
  <system-out/>
</testsuite> <!-- AddToCartTest -->
