<?xml version="1.0" encoding="UTF-8"?>
<!-- Generated by org.testng.reporters.JUnitReportReporter -->
<testsuite hostname="d-pc" failures="0" tests="1" name="LoginTest" time="3.660" errors="0" timestamp="2022-09-05T20:41:51 CEST" skipped="0">
  <testcase classname="LoginTest" name="login" time="3.660"/>
  <system-out/>
</testsuite> <!-- LoginTest -->
