<?xml version="1.0" encoding="UTF-8"?>
<!-- Generated by org.testng.reporters.JUnitReportReporter -->
<testsuite hostname="d-pc" failures="0" tests="1" name="EcommerceTest" time="19.643" errors="0" timestamp="2022-09-05T15:58:06 CEST" skipped="0">
  <testcase classname="EcommerceTest" name="addToCart" time="19.643"/>
  <system-out/>
</testsuite> <!-- EcommerceTest -->
